2023-04-18 16:36:48,166 Log Check for validity over SingleManifest
2023-04-18 16:36:48,167 Log Check for loadMulti over SingleManifest
2023-04-18 16:36:48,169 Log Check for validity over Priviledges
2023-04-18 16:36:48,171 Log Check for loadMulti over Priviledges
2023-04-18 16:36:48,172 Log Check for validity of secrets and over privileges
2023-04-18 16:36:48,177 Log Check for load MultiYAML over HTTP
2023-04-18 16:36:48,179 Log Check for validity over MissingSecurityContext
2023-04-18 16:36:48,183 Log Check for validity over DefaultNameSpace
2023-04-18 16:36:48,281 Log Check for validity over SingleManifest
2023-04-18 16:36:48,284 Log Check for loadMulti over SingleManifest
2023-04-18 16:36:48,286 Log Check for validity over Priviledges
2023-04-18 16:36:48,291 Log Check for loadMulti over Priviledges
2023-04-18 16:36:48,291 Log Check for validity of secrets and over privileges
2023-04-18 16:36:48,297 Log Check for load MultiYAML over HTTP
2023-04-18 16:36:48,299 Log Check for validity over MissingSecurityContext
2023-04-18 16:36:48,303 Log Check for validity over DefaultNameSpace
2023-04-18 16:36:48,375 Log Check for validity over SingleManifest
2023-04-18 16:36:48,377 Log Check for loadMulti over SingleManifest
2023-04-18 16:36:48,379 Log Check for validity over Priviledges
2023-04-18 16:36:48,381 Log Check for loadMulti over Priviledges
2023-04-18 16:36:48,381 Log Check for validity of secrets and over privileges
2023-04-18 16:36:48,384 Log Check for load MultiYAML over HTTP
2023-04-18 16:36:48,386 Log Check for validity over MissingSecurityContext
2023-04-18 16:36:48,392 Log Check for validity over DefaultNameSpace
2023-04-18 16:36:48,453 Log Check for validity over SingleManifest
2023-04-18 16:36:48,455 Log Check for loadMulti over SingleManifest
2023-04-18 16:36:48,457 Log Check for validity over Priviledges
2023-04-18 16:36:48,458 Log Check for loadMulti over Priviledges
2023-04-18 16:36:48,458 Log Check for validity of secrets and over privileges
2023-04-18 16:36:48,461 Log Check for load MultiYAML over HTTP
2023-04-18 16:36:48,462 Log Check for validity over MissingSecurityContext
2023-04-18 16:36:48,464 Log Check for validity over DefaultNameSpace
2023-04-18 16:36:48,563 Log Check for validity over SingleManifest
2023-04-18 16:36:48,588 Log Check for loadMulti over SingleManifest
2023-04-18 16:36:48,612 Log Check for validity over Priviledges
2023-04-18 16:36:48,631 Log Check for loadMulti over Priviledges
2023-04-18 16:36:48,632 Log Check for validity of secrets and over privileges
2023-04-18 16:36:48,680 Log Check for load MultiYAML over HTTP
2023-04-18 16:36:48,707 Log Check for validity over MissingSecurityContext
2023-04-18 16:36:48,771 Log Check for validity over DefaultNameSpace
2023-04-18 16:36:49,324 Log Check for validity over SingleManifest
2023-04-18 16:36:49,329 Log Check for loadMulti over SingleManifest
2023-04-18 16:36:49,332 Log Check for validity over Priviledges
2023-04-18 16:36:49,335 Log Check for loadMulti over Priviledges
2023-04-18 16:36:49,335 Log Check for validity of secrets and over privileges
2023-04-18 16:36:49,344 Log Check for load MultiYAML over HTTP
2023-04-18 16:36:49,349 Log Check for validity over MissingSecurityContext
2023-04-18 16:36:49,357 Log Check for validity over DefaultNameSpace
2023-04-18 16:36:49,443 Log Check for validity over SingleManifest
2023-04-18 16:36:49,446 Log Check for loadMulti over SingleManifest
2023-04-18 16:36:49,449 Log Check for validity over Priviledges
2023-04-18 16:36:49,450 Log Check for loadMulti over Priviledges
2023-04-18 16:36:49,450 Log Check for validity of secrets and over privileges
2023-04-18 16:36:49,454 Log Check for load MultiYAML over HTTP
2023-04-18 16:36:49,458 Log Check for validity over MissingSecurityContext
2023-04-18 16:36:49,462 Log Check for validity over DefaultNameSpace
2023-04-18 16:36:49,525 Log Check for validity over SingleManifest
2023-04-18 16:36:49,530 Log Check for loadMulti over SingleManifest
2023-04-18 16:36:49,536 Log Check for validity over Priviledges
2023-04-18 16:36:49,545 Log Check for loadMulti over Priviledges
2023-04-18 16:36:49,545 Log Check for validity of secrets and over privileges
2023-04-18 16:36:49,560 Log Check for load MultiYAML over HTTP
2023-04-18 16:36:49,566 Log Check for validity over MissingSecurityContext
2023-04-18 16:36:49,581 Log Check for validity over DefaultNameSpace
2023-04-18 16:36:49,769 Log Check for validity over SingleManifest
2023-04-18 16:36:49,779 Log Check for loadMulti over SingleManifest
2023-04-18 16:36:49,786 Log Check for validity over Priviledges
2023-04-18 16:36:49,786 Log Check for validity of secrets and over privileges
2023-04-18 16:36:49,800 Log Check for load MultiYAML over HTTP
2023-04-18 16:36:49,911 Log Check for validity over SingleManifest
2023-04-18 16:36:49,918 Log Check for loadMulti over SingleManifest
2023-04-18 16:36:49,930 Log Check for validity over Priviledges
2023-04-18 16:36:49,941 Log Check for loadMulti over Priviledges
2023-04-18 16:36:49,941 Log Check for validity of secrets and over privileges
2023-04-18 16:36:49,959 Log Check for load MultiYAML over HTTP
2023-04-18 16:36:49,967 Log Check for validity over MissingSecurityContext
2023-04-18 16:36:49,983 Log Check for validity over DefaultNameSpace
2023-04-18 16:36:50,205 Log Check for validity over SingleManifest
2023-04-18 16:36:50,206 Log Check for loadMulti over SingleManifest
2023-04-18 16:36:50,207 Log Check for validity over Priviledges
2023-04-18 16:36:50,207 Log Check for loadMulti over Priviledges
2023-04-18 16:36:50,207 Log Check for validity of secrets and over privileges
2023-04-18 16:36:50,209 Log Check for load MultiYAML over HTTP
2023-04-18 16:36:50,209 Log Check for validity over MissingSecurityContext
2023-04-18 16:36:50,211 Log Check for validity over DefaultNameSpace
2023-04-18 16:36:50,244 Log Check for validity over SingleManifest
2023-04-18 16:36:50,247 Log Check for loadMulti over SingleManifest
2023-04-18 16:36:50,249 Log Check for validity over Priviledges
2023-04-18 16:36:50,251 Log Check for loadMulti over Priviledges
2023-04-18 16:36:50,251 Log Check for validity of secrets and over privileges
2023-04-18 16:36:50,258 Log Check for load MultiYAML over HTTP
2023-04-18 16:36:50,261 Log Check for validity over MissingSecurityContext
2023-04-18 16:36:50,265 Log Check for validity over DefaultNameSpace
2023-04-18 16:36:50,344 Log Check for validity over SingleManifest
2023-04-18 16:36:50,350 Log Check for loadMulti over SingleManifest
2023-04-18 16:36:50,359 Log Check for validity over Priviledges
2023-04-18 16:36:50,366 Log Check for loadMulti over Priviledges
2023-04-18 16:36:50,366 Log Check for validity of secrets and over privileges
2023-04-18 16:36:50,382 Log Check for load MultiYAML over HTTP
2023-04-18 16:36:50,390 Log Check for validity over MissingSecurityContext
2023-04-18 16:36:50,404 Log Check for validity over DefaultNameSpace
2023-04-18 16:36:50,591 Log Check for validity over SingleManifest
2023-04-18 16:36:50,599 Log Check for loadMulti over SingleManifest
2023-04-18 16:36:50,608 Log Check for validity over Priviledges
2023-04-18 16:36:50,614 Log Check for loadMulti over Priviledges
2023-04-18 16:36:50,615 Log Check for validity of secrets and over privileges
2023-04-18 16:36:50,629 Log Check for load MultiYAML over HTTP
2023-04-18 16:36:50,635 Log Check for validity over MissingSecurityContext
2023-04-18 16:36:50,649 Log Check for validity over DefaultNameSpace
2023-04-18 16:36:50,814 Log Check for validity over SingleManifest
2023-04-18 16:36:50,815 Log Check for loadMulti over SingleManifest
2023-04-18 16:36:50,817 Log Check for validity over Priviledges
2023-04-18 16:36:50,820 Log Check for loadMulti over Priviledges
2023-04-18 16:36:50,820 Log Check for validity of secrets and over privileges
2023-04-18 16:36:50,823 Log Check for load MultiYAML over HTTP
2023-04-18 16:36:50,825 Log Check for validity over MissingSecurityContext
2023-04-18 16:36:50,828 Log Check for validity over DefaultNameSpace
2023-04-18 16:36:50,896 Log Check for validity over SingleManifest
2023-04-18 16:36:50,908 Log Check for loadMulti over SingleManifest
2023-04-18 16:36:50,920 Log Check for validity over Priviledges
2023-04-18 16:36:50,934 Log Check for loadMulti over Priviledges
2023-04-18 16:36:50,934 Log Check for validity of secrets and over privileges
2023-04-18 16:36:50,958 Log Check for load MultiYAML over HTTP
2023-04-18 16:36:50,969 Log Check for validity over MissingSecurityContext
2023-04-18 16:36:50,991 Log Check for validity over DefaultNameSpace
2023-04-18 16:36:51,301 Log Check for validity over SingleManifest
2023-04-18 16:36:51,303 Log Check for loadMulti over SingleManifest
2023-04-18 16:36:51,308 Log Check for validity over Priviledges
2023-04-18 16:36:51,310 Log Check for loadMulti over Priviledges
2023-04-18 16:36:51,311 Log Check for validity of secrets and over privileges
2023-04-18 16:36:51,315 Log Check for load MultiYAML over HTTP
2023-04-18 16:36:51,318 Log Check for validity over MissingSecurityContext
2023-04-18 16:36:51,325 Log Check for validity over DefaultNameSpace
2023-04-18 16:36:51,398 Log Check for validity over SingleManifest
2023-04-18 16:36:51,402 Log Check for loadMulti over SingleManifest
2023-04-18 16:36:51,408 Log Check for validity over Priviledges
2023-04-18 16:36:51,412 Log Check for loadMulti over Priviledges
2023-04-18 16:36:51,412 Log Check for validity of secrets and over privileges
2023-04-18 16:36:51,420 Log Check for load MultiYAML over HTTP
2023-04-18 16:36:51,427 Log Check for validity over MissingSecurityContext
2023-04-18 16:36:51,439 Log Check for validity over DefaultNameSpace
2023-04-18 16:36:51,598 Log Check for validity over SingleManifest
2023-04-18 16:36:51,603 Log Check for loadMulti over SingleManifest
2023-04-18 16:36:51,611 Log Check for validity over Priviledges
2023-04-18 16:36:51,616 Log Check for loadMulti over Priviledges
2023-04-18 16:36:51,616 Log Check for validity of secrets and over privileges
2023-04-18 16:36:51,628 Log Check for load MultiYAML over HTTP
2023-04-18 16:36:51,634 Log Check for validity over MissingSecurityContext
2023-04-18 16:36:51,646 Log Check for validity over DefaultNameSpace
2023-04-18 16:36:51,777 Log Check for validity over SingleManifest
2023-04-18 16:36:51,781 Log Check for loadMulti over SingleManifest
2023-04-18 16:36:51,785 Log Check for validity over Priviledges
2023-04-18 16:36:51,793 Log Check for loadMulti over Priviledges
2023-04-18 16:36:51,793 Log Check for validity of secrets and over privileges
2023-04-18 16:36:51,802 Log Check for load MultiYAML over HTTP
2023-04-18 16:36:51,809 Log Check for validity over MissingSecurityContext
2023-04-18 16:36:51,818 Log Check for validity over DefaultNameSpace
2023-04-18 16:36:51,948 Log Check for validity over SingleManifest
2023-04-18 16:36:51,955 Log Check for loadMulti over SingleManifest
2023-04-18 16:36:51,964 Log Check for validity over Priviledges
2023-04-18 16:36:51,969 Log Check for loadMulti over Priviledges
2023-04-18 16:36:51,970 Log Check for validity of secrets and over privileges
2023-04-18 16:36:51,989 Log Check for load MultiYAML over HTTP
2023-04-18 16:36:51,996 Log Check for validity over MissingSecurityContext
2023-04-18 16:36:52,013 Log Check for validity over DefaultNameSpace
2023-04-18 16:36:52,226 Log Check for validity over SingleManifest
2023-04-18 16:36:52,250 Log Check for loadMulti over SingleManifest
2023-04-18 16:36:52,273 Log Check for validity over Priviledges
2023-04-18 16:36:52,294 Log Check for loadMulti over Priviledges
2023-04-18 16:36:52,294 Log Check for validity of secrets and over privileges
2023-04-18 16:36:52,356 Log Check for load MultiYAML over HTTP
2023-04-18 16:36:52,379 Log Check for validity over MissingSecurityContext
2023-04-18 16:36:52,423 Log Check for validity over DefaultNameSpace
2023-04-18 16:36:53,044 Log Check for validity over SingleManifest
2023-04-18 16:36:53,050 Log Check for loadMulti over SingleManifest
2023-04-18 16:36:53,059 Log Check for validity over Priviledges
2023-04-18 16:36:53,065 Log Check for loadMulti over Priviledges
2023-04-18 16:36:53,065 Log Check for validity of secrets and over privileges
2023-04-18 16:36:53,079 Log Check for load MultiYAML over HTTP
2023-04-18 16:36:53,085 Log Check for validity over MissingSecurityContext
2023-04-18 16:36:53,101 Log Check for validity over DefaultNameSpace
2023-04-18 16:36:53,363 Log Check for validity over SingleManifest
2023-04-18 16:36:53,368 Log Check for loadMulti over SingleManifest
2023-04-18 16:36:53,374 Log Check for validity over Priviledges
2023-04-18 16:36:53,378 Log Check for loadMulti over Priviledges
2023-04-18 16:36:53,379 Log Check for validity of secrets and over privileges
2023-04-18 16:36:53,386 Log Check for load MultiYAML over HTTP
2023-04-18 16:36:53,392 Log Check for validity over MissingSecurityContext
2023-04-18 16:36:53,400 Log Check for validity over DefaultNameSpace
2023-04-18 16:36:53,500 Log Check for validity over SingleManifest
2023-04-18 16:36:53,504 Log Check for loadMulti over SingleManifest
2023-04-18 16:36:53,507 Log Check for validity over Priviledges
2023-04-18 16:36:53,509 Log Check for loadMulti over Priviledges
2023-04-18 16:36:53,509 Log Check for validity of secrets and over privileges
2023-04-18 16:36:53,513 Log Check for load MultiYAML over HTTP
2023-04-18 16:36:53,515 Log Check for validity over MissingSecurityContext
2023-04-18 16:36:53,518 Log Check for validity over DefaultNameSpace
2023-04-18 16:36:53,593 Log Check for validity over SingleManifest
2023-04-18 16:36:53,597 Log Check for loadMulti over SingleManifest
2023-04-18 16:36:53,598 Log Check for validity over Priviledges
2023-04-18 16:36:53,600 Log Check for loadMulti over Priviledges
2023-04-18 16:36:53,600 Log Check for validity of secrets and over privileges
2023-04-18 16:36:53,604 Log Check for load MultiYAML over HTTP
2023-04-18 16:36:53,607 Log Check for validity over MissingSecurityContext
2023-04-18 16:36:53,612 Log Check for validity over DefaultNameSpace
2023-04-18 16:36:53,673 Log Check for validity over SingleManifest
2023-04-18 16:36:53,675 Log Check for loadMulti over SingleManifest
2023-04-18 16:36:53,676 Log Check for validity over Priviledges
2023-04-18 16:36:53,678 Log Check for loadMulti over Priviledges
2023-04-18 16:36:53,678 Log Check for validity of secrets and over privileges
2023-04-18 16:36:53,681 Log Check for load MultiYAML over HTTP
2023-04-18 16:36:53,683 Log Check for validity over MissingSecurityContext
2023-04-18 16:36:53,686 Log Check for validity over DefaultNameSpace
2023-04-18 16:36:53,746 Log Check for validity over SingleManifest
2023-04-18 16:36:53,750 Log Check for loadMulti over SingleManifest
2023-04-18 16:36:53,756 Log Check for validity over Priviledges
2023-04-18 16:36:53,762 Log Check for loadMulti over Priviledges
2023-04-18 16:36:53,762 Log Check for validity of secrets and over privileges
2023-04-18 16:36:53,774 Log Check for load MultiYAML over HTTP
2023-04-18 16:36:53,779 Log Check for validity over MissingSecurityContext
2023-04-18 16:36:53,790 Log Check for validity over DefaultNameSpace
2023-04-18 16:36:54,034 Log Check for validity over SingleManifest
2023-04-18 16:36:54,045 Log Check for loadMulti over SingleManifest
2023-04-18 16:36:54,054 Log Check for validity over Priviledges
2023-04-18 16:36:54,064 Log Check for loadMulti over Priviledges
2023-04-18 16:36:54,065 Log Check for validity of secrets and over privileges
2023-04-18 16:36:54,080 Log Check for load MultiYAML over HTTP
2023-04-18 16:36:54,086 Log Check for validity over MissingSecurityContext
2023-04-18 16:36:54,099 Log Check for validity over DefaultNameSpace
2023-04-18 16:36:54,268 Log Check for validity over SingleManifest
2023-04-18 16:36:54,269 Log Check for loadMulti over SingleManifest
2023-04-18 16:36:54,271 Log Check for validity over Priviledges
2023-04-18 16:36:54,273 Log Check for loadMulti over Priviledges
2023-04-18 16:36:54,273 Log Check for validity of secrets and over privileges
2023-04-18 16:36:54,277 Log Check for load MultiYAML over HTTP
2023-04-18 16:36:54,279 Log Check for validity over MissingSecurityContext
2023-04-18 16:36:54,282 Log Check for validity over DefaultNameSpace
2023-04-18 16:36:54,324 Log Check for validity over SingleManifest
2023-04-18 16:36:54,328 Log Check for loadMulti over SingleManifest
2023-04-18 16:36:54,330 Log Check for validity over Priviledges
2023-04-18 16:36:54,332 Log Check for loadMulti over Priviledges
2023-04-18 16:36:54,332 Log Check for validity of secrets and over privileges
2023-04-18 16:36:54,336 Log Check for load MultiYAML over HTTP
2023-04-18 16:36:54,339 Log Check for validity over MissingSecurityContext
2023-04-18 16:36:54,346 Log Check for validity over DefaultNameSpace
2023-04-18 16:36:54,497 Log Check for validity over SingleManifest
2023-04-18 16:36:54,502 Log Check for loadMulti over SingleManifest
2023-04-18 16:36:54,507 Log Check for validity over Priviledges
2023-04-18 16:36:54,510 Log Check for loadMulti over Priviledges
2023-04-18 16:36:54,510 Log Check for validity of secrets and over privileges
2023-04-18 16:36:54,516 Log Check for load MultiYAML over HTTP
2023-04-18 16:36:54,519 Log Check for validity over MissingSecurityContext
2023-04-18 16:36:54,529 Log Check for validity over DefaultNameSpace
2023-04-18 16:36:54,640 Log Check for validity over SingleManifest
2023-04-18 16:36:54,651 Log Check for loadMulti over SingleManifest
2023-04-18 16:36:54,667 Log Check for validity over Priviledges
2023-04-18 16:36:54,680 Log Check for loadMulti over Priviledges
2023-04-18 16:36:54,680 Log Check for validity of secrets and over privileges
2023-04-18 16:36:54,702 Log Check for load MultiYAML over HTTP
2023-04-18 16:36:54,712 Log Check for validity over MissingSecurityContext
2023-04-18 16:36:54,731 Log Check for validity over DefaultNameSpace
2023-04-18 16:36:54,984 Log Check for validity over SingleManifest
2023-04-18 16:36:54,989 Log Check for loadMulti over SingleManifest
2023-04-18 16:36:54,994 Log Check for validity over Priviledges
2023-04-18 16:36:54,997 Log Check for loadMulti over Priviledges
2023-04-18 16:36:54,997 Log Check for validity of secrets and over privileges
2023-04-18 16:36:55,004 Log Check for load MultiYAML over HTTP
2023-04-18 16:36:55,009 Log Check for validity over MissingSecurityContext
2023-04-18 16:36:55,015 Log Check for validity over DefaultNameSpace
2023-04-18 16:36:55,125 Log Check for validity over SingleManifest
2023-04-18 16:36:55,130 Log Check for loadMulti over SingleManifest
2023-04-18 16:36:55,135 Log Check for validity over Priviledges
2023-04-18 16:36:55,144 Log Check for loadMulti over Priviledges
2023-04-18 16:36:55,145 Log Check for validity of secrets and over privileges
2023-04-18 16:36:55,157 Log Check for load MultiYAML over HTTP
2023-04-18 16:36:55,163 Log Check for validity over MissingSecurityContext
2023-04-18 16:36:55,179 Log Check for validity over DefaultNameSpace
2023-04-18 16:36:55,365 Log Check for validity over SingleManifest
2023-04-18 16:36:55,369 Log Check for loadMulti over SingleManifest
2023-04-18 16:36:55,375 Log Check for validity over Priviledges
2023-04-18 16:36:55,382 Log Check for loadMulti over Priviledges
2023-04-18 16:36:55,382 Log Check for validity of secrets and over privileges
2023-04-18 16:36:55,392 Log Check for load MultiYAML over HTTP
2023-04-18 16:36:55,397 Log Check for validity over MissingSecurityContext
2023-04-18 16:36:55,408 Log Check for validity over DefaultNameSpace
2023-04-18 16:36:55,546 Log Check for validity over SingleManifest
2023-04-18 16:36:55,555 Log Check for loadMulti over SingleManifest
2023-04-18 16:36:55,563 Log Check for validity over Priviledges
2023-04-18 16:36:55,574 Log Check for loadMulti over Priviledges
2023-04-18 16:36:55,575 Log Check for validity of secrets and over privileges
2023-04-18 16:36:55,591 Log Check for load MultiYAML over HTTP
2023-04-18 16:36:55,598 Log Check for validity over MissingSecurityContext
2023-04-18 16:36:55,611 Log Check for validity over DefaultNameSpace
2023-04-18 16:36:55,776 Log Check for validity over SingleManifest
2023-04-18 16:36:55,781 Log Check for loadMulti over SingleManifest
2023-04-18 16:36:55,786 Log Check for validity over Priviledges
2023-04-18 16:36:55,793 Log Check for loadMulti over Priviledges
2023-04-18 16:36:55,793 Log Check for validity of secrets and over privileges
2023-04-18 16:36:55,802 Log Check for load MultiYAML over HTTP
2023-04-18 16:36:55,809 Log Check for validity over MissingSecurityContext
2023-04-18 16:36:55,819 Log Check for validity over DefaultNameSpace
2023-04-18 16:36:55,961 Log Check for validity over SingleManifest
2023-04-18 16:36:55,968 Log Check for loadMulti over SingleManifest
2023-04-18 16:36:55,980 Log Check for validity over Priviledges
2023-04-18 16:36:55,990 Log Check for loadMulti over Priviledges
2023-04-18 16:36:55,991 Log Check for validity of secrets and over privileges
2023-04-18 16:36:56,007 Log Check for load MultiYAML over HTTP
2023-04-18 16:36:56,014 Log Check for validity over MissingSecurityContext
2023-04-18 16:36:56,030 Log Check for validity over DefaultNameSpace
2023-04-18 16:36:56,228 Log Check for validity over SingleManifest
2023-04-18 16:36:56,234 Log Check for loadMulti over SingleManifest
2023-04-18 16:36:56,245 Log Check for validity over Priviledges
2023-04-18 16:36:56,245 Log Check for validity of secrets and over privileges
2023-04-18 16:36:56,258 Log Check for load MultiYAML over HTTP
2023-04-18 16:36:56,368 Log Check for validity over SingleManifest
2023-04-18 16:36:56,382 Log Check for loadMulti over SingleManifest
2023-04-18 16:36:56,399 Log Check for validity over Priviledges
2023-04-18 16:36:56,413 Log Check for loadMulti over Priviledges
2023-04-18 16:36:56,413 Log Check for validity of secrets and over privileges
2023-04-18 16:36:56,438 Log Check for load MultiYAML over HTTP
2023-04-18 16:36:56,449 Log Check for validity over MissingSecurityContext
2023-04-18 16:36:56,471 Log Check for validity over DefaultNameSpace
2023-04-18 16:36:56,768 Log Check for validity over SingleManifest
2023-04-18 16:36:56,773 Log Check for loadMulti over SingleManifest
2023-04-18 16:36:56,779 Log Check for validity over Priviledges
2023-04-18 16:36:56,783 Log Check for loadMulti over Priviledges
2023-04-18 16:36:56,783 Log Check for validity of secrets and over privileges
2023-04-18 16:36:56,793 Log Check for load MultiYAML over HTTP
2023-04-18 16:36:56,798 Log Check for validity over MissingSecurityContext
2023-04-18 16:36:56,808 Log Check for validity over DefaultNameSpace
2023-04-18 16:36:56,931 Log Check for validity over SingleManifest
2023-04-18 16:36:56,942 Log Check for loadMulti over SingleManifest
2023-04-18 16:36:56,951 Log Check for validity over Priviledges
2023-04-18 16:36:56,961 Log Check for loadMulti over Priviledges
2023-04-18 16:36:56,962 Log Check for validity of secrets and over privileges
2023-04-18 16:36:56,982 Log Check for load MultiYAML over HTTP
2023-04-18 16:36:56,992 Log Check for validity over MissingSecurityContext
2023-04-18 16:36:57,007 Log Check for validity over DefaultNameSpace
2023-04-18 16:36:57,254 Log Check for validity over SingleManifest
2023-04-18 16:36:57,264 Log Check for loadMulti over SingleManifest
2023-04-18 16:36:57,273 Log Check for validity over Priviledges
2023-04-18 16:36:57,282 Log Check for loadMulti over Priviledges
2023-04-18 16:36:57,282 Log Check for validity of secrets and over privileges
2023-04-18 16:36:57,299 Log Check for load MultiYAML over HTTP
2023-04-18 16:36:57,308 Log Check for validity over MissingSecurityContext
2023-04-18 16:36:57,324 Log Check for validity over DefaultNameSpace
2023-04-18 16:36:57,556 Log Check for validity over SingleManifest
2023-04-18 16:36:57,570 Log Check for loadMulti over SingleManifest
2023-04-18 16:36:57,587 Log Check for validity over Priviledges
2023-04-18 16:36:57,604 Log Check for loadMulti over Priviledges
2023-04-18 16:36:57,604 Log Check for validity of secrets and over privileges
2023-04-18 16:36:57,635 Log Check for load MultiYAML over HTTP
2023-04-18 16:36:57,649 Log Check for validity over MissingSecurityContext
2023-04-18 16:36:57,679 Log Check for validity over DefaultNameSpace
2023-04-18 16:36:58,050 Log Check for validity over SingleManifest
2023-04-18 16:36:58,060 Log Check for loadMulti over SingleManifest
2023-04-18 16:36:58,070 Log Check for validity over Priviledges
2023-04-18 16:36:58,080 Log Check for loadMulti over Priviledges
2023-04-18 16:36:58,080 Log Check for validity of secrets and over privileges
2023-04-18 16:36:58,097 Log Check for load MultiYAML over HTTP
2023-04-18 16:36:58,106 Log Check for validity over MissingSecurityContext
2023-04-18 16:36:58,122 Log Check for validity over DefaultNameSpace
2023-04-18 16:36:58,320 Log Check for validity over SingleManifest
2023-04-18 16:36:58,327 Log Check for loadMulti over SingleManifest
2023-04-18 16:36:58,332 Log Check for validity over Priviledges
2023-04-18 16:36:58,336 Log Check for loadMulti over Priviledges
2023-04-18 16:36:58,337 Log Check for validity of secrets and over privileges
2023-04-18 16:36:58,348 Log Check for load MultiYAML over HTTP
2023-04-18 16:36:58,353 Log Check for validity over MissingSecurityContext
2023-04-18 16:36:58,365 Log Check for validity over DefaultNameSpace
2023-04-18 16:36:58,498 Log Check for validity over SingleManifest
2023-04-18 16:36:58,500 Log Check for loadMulti over SingleManifest
2023-04-18 16:36:58,502 Log Check for validity over Priviledges
2023-04-18 16:36:58,505 Log Check for loadMulti over Priviledges
2023-04-18 16:36:58,506 Log Check for validity of secrets and over privileges
2023-04-18 16:36:58,511 Log Check for load MultiYAML over HTTP
2023-04-18 16:36:58,513 Log Check for validity over MissingSecurityContext
2023-04-18 16:36:58,516 Log Check for validity over DefaultNameSpace
2023-04-18 16:36:58,612 Log Check for validity over SingleManifest
2023-04-18 16:36:58,631 Log Check for loadMulti over SingleManifest
2023-04-18 16:36:58,648 Log Check for validity over Priviledges
2023-04-18 16:36:58,666 Log Check for loadMulti over Priviledges
2023-04-18 16:36:58,666 Log Check for validity of secrets and over privileges
2023-04-18 16:36:58,696 Log Check for load MultiYAML over HTTP
2023-04-18 16:36:58,728 Log Check for validity over MissingSecurityContext
2023-04-18 16:36:58,758 Log Check for validity over DefaultNameSpace
2023-04-18 16:36:59,235 Log Check for validity over SingleManifest
2023-04-18 16:36:59,238 Log Check for loadMulti over SingleManifest
2023-04-18 16:36:59,242 Log Check for validity over Priviledges
2023-04-18 16:36:59,245 Log Check for loadMulti over Priviledges
2023-04-18 16:36:59,245 Log Check for validity of secrets and over privileges
2023-04-18 16:36:59,252 Log Check for load MultiYAML over HTTP
2023-04-18 16:36:59,259 Log Check for validity over MissingSecurityContext
2023-04-18 16:36:59,265 Log Check for validity over DefaultNameSpace
2023-04-18 16:36:59,351 Log Check for validity over SingleManifest
2023-04-18 16:36:59,356 Log Check for loadMulti over SingleManifest
2023-04-18 16:36:59,359 Log Check for validity over Priviledges
2023-04-18 16:36:59,361 Log Check for loadMulti over Priviledges
2023-04-18 16:36:59,361 Log Check for validity of secrets and over privileges
2023-04-18 16:36:59,366 Log Check for load MultiYAML over HTTP
2023-04-18 16:36:59,369 Log Check for validity over MissingSecurityContext
2023-04-18 16:36:59,376 Log Check for validity over DefaultNameSpace
2023-04-18 16:36:59,450 Log Check for validity over SingleManifest
2023-04-18 16:36:59,453 Log Check for loadMulti over SingleManifest
2023-04-18 16:36:59,458 Log Check for validity over Priviledges
2023-04-18 16:36:59,462 Log Check for loadMulti over Priviledges
2023-04-18 16:36:59,462 Log Check for validity of secrets and over privileges
2023-04-18 16:36:59,468 Log Check for load MultiYAML over HTTP
2023-04-18 16:36:59,472 Log Check for validity over MissingSecurityContext
2023-04-18 16:36:59,480 Log Check for validity over DefaultNameSpace
2023-04-18 16:36:59,583 Log Check for validity over SingleManifest
2023-04-18 16:36:59,596 Log Check for loadMulti over SingleManifest
2023-04-18 16:36:59,604 Log Check for validity over Priviledges
2023-04-18 16:36:59,615 Log Check for loadMulti over Priviledges
2023-04-18 16:36:59,615 Log Check for validity of secrets and over privileges
2023-04-18 16:36:59,637 Log Check for load MultiYAML over HTTP
2023-04-18 16:36:59,647 Log Check for validity over MissingSecurityContext
2023-04-18 16:36:59,664 Log Check for validity over DefaultNameSpace
2023-04-18 16:36:59,896 Log Check for validity over SingleManifest
2023-04-18 16:36:59,899 Log Check for loadMulti over SingleManifest
2023-04-18 16:36:59,902 Log Check for validity over Priviledges
2023-04-18 16:36:59,906 Log Check for loadMulti over Priviledges
2023-04-18 16:36:59,906 Log Check for validity of secrets and over privileges
2023-04-18 16:36:59,913 Log Check for load MultiYAML over HTTP
2023-04-18 16:36:59,916 Log Check for validity over MissingSecurityContext
2023-04-18 16:36:59,923 Log Check for validity over DefaultNameSpace
2023-04-18 16:37:00,001 Log Check for validity over SingleManifest
2023-04-18 16:37:00,006 Log Check for loadMulti over SingleManifest
2023-04-18 16:37:00,010 Log Check for validity over Priviledges
2023-04-18 16:37:00,013 Log Check for loadMulti over Priviledges
2023-04-18 16:37:00,013 Log Check for validity of secrets and over privileges
2023-04-18 16:37:00,020 Log Check for load MultiYAML over HTTP
2023-04-18 16:37:00,025 Log Check for validity over MissingSecurityContext
2023-04-18 16:37:00,032 Log Check for validity over DefaultNameSpace
2023-04-18 16:37:00,120 Log Check for validity over SingleManifest
2023-04-18 16:37:00,122 Log Check for loadMulti over SingleManifest
2023-04-18 16:37:00,125 Log Check for validity over Priviledges
2023-04-18 16:37:00,127 Log Check for loadMulti over Priviledges
2023-04-18 16:37:00,127 Log Check for validity of secrets and over privileges
2023-04-18 16:37:00,131 Log Check for load MultiYAML over HTTP
2023-04-18 16:37:00,132 Log Check for validity over MissingSecurityContext
2023-04-18 16:37:00,135 Log Check for validity over DefaultNameSpace
